<?xml version="1.0" encoding="UTF-8"?>
<testsuite xmlns:xsi="http://www.w3.org/2001/XMLSchema-instance" xsi:noNamespaceSchemaLocation="https://maven.apache.org/surefire/maven-surefire-plugin/xsd/surefire-test-report.xsd" name="com.example.ams.EventCaptureControllerIntegrationTest" time="3.442" tests="3" errors="0" skipped="0" failures="0">
  <properties>
[...]
</properties>
  <testcase name="shouldProcessEvents" classname="com.example.ams.EventCaptureControllerIntegrationTest" time="0.275"/>
  <testcase name="shouldTriggerAlertBySlidingWindow" classname="com.example.ams.EventCaptureControllerIntegrationTest" time="0.437"/>
  <testcase name="shouldTriggerAlertBySimpleCount" classname="com.example.ams.EventCaptureControllerIntegrationTest" time="0.011"/>
</testsuite>